f:\visualcproject\qtwidgetsapplicationprocess\qtwidgetsapplicationprocess\x64\debug\main.obj
f:\visualcproject\qtwidgetsapplicationprocess\qtwidgetsapplicationprocess\x64\debug\qtwidgetsapplicationprocess.obj
f:\visualcproject\qtwidgetsapplicationprocess\qtwidgetsapplicationprocess\x64\debug\vc141.pdb
f:\visualcproject\qtwidgetsapplicationprocess\qtwidgetsapplicationprocess\x64\debug\moc_qtwidgetsapplicationprocess.obj
f:\visualcproject\qtwidgetsapplicationprocess\qtwidgetsapplicationprocess\x64\debug\qrc_qtwidgetsapplicationprocess.obj
f:\visualcproject\qtwidgetsapplicationprocess\x64\debug\qtwidgetsapplicationprocess.ilk
f:\visualcproject\qtwidgetsapplicationprocess\x64\debug\qtwidgetsapplicationprocess.exe
f:\visualcproject\qtwidgetsapplicationprocess\x64\debug\qtwidgetsapplicationprocess.pdb
f:\visualcproject\qtwidgetsapplicationprocess\qtwidgetsapplicationprocess\x64\debug\\moc\moc_qtwidgetsapplicationprocess.cpp
f:\visualcproject\qtwidgetsapplicationprocess\qtwidgetsapplicationprocess\x64\debug\uic\ui_qtwidgetsapplicationprocess.h
f:\visualcproject\qtwidgetsapplicationprocess\qtwidgetsapplicationprocess\x64\debug\rcc\qrc_qtwidgetsapplicationprocess.cpp
f:\visualcproject\qtwidgetsapplicationprocess\qtwidgetsapplicationprocess\x64\debug\moc\moc_qtwidgetsapplicationprocess.cpp
f:\visualcproject\qtwidgetsapplicationprocess\qtwidgetsapplicationprocess\x64\debug\\rcc\qrc_qtwidgetsapplicationprocess.cpp
f:\visualcproject\qtwidgetsapplicationprocess\qtwidgetsapplicationprocess\x64\debug\\uic\ui_qtwidgetsapplicationprocess.h
f:\visualcproject\qtwidgetsapplicationprocess\qtwidgetsapplicationprocess\x64\debug\qtwidget.4f25d63a.tlog\cl.12624.write.1.tlog
f:\visualcproject\qtwidgetsapplicationprocess\qtwidgetsapplicationprocess\x64\debug\qtwidget.4f25d63a.tlog\cl.command.1.tlog
f:\visualcproject\qtwidgetsapplicationprocess\qtwidgetsapplicationprocess\x64\debug\qtwidget.4f25d63a.tlog\cl.read.1.tlog
f:\visualcproject\qtwidgetsapplicationprocess\qtwidgetsapplicationprocess\x64\debug\qtwidget.4f25d63a.tlog\link.command.1.tlog
f:\visualcproject\qtwidgetsapplicationprocess\qtwidgetsapplicationprocess\x64\debug\qtwidget.4f25d63a.tlog\link.read.1.tlog
f:\visualcproject\qtwidgetsapplicationprocess\qtwidgetsapplicationprocess\x64\debug\qtwidget.4f25d63a.tlog\link.write.1.tlog
f:\visualcproject\qtwidgetsapplicationprocess\qtwidgetsapplicationprocess\x64\debug\qtwidget.4f25d63a.tlog\moc.read.1u.tlog
f:\visualcproject\qtwidgetsapplicationprocess\qtwidgetsapplicationprocess\x64\debug\qtwidget.4f25d63a.tlog\moc.write.1u.tlog
f:\visualcproject\qtwidgetsapplicationprocess\qtwidgetsapplicationprocess\x64\debug\qtwidget.4f25d63a.tlog\qtwidgetsapplicationprocess.write.1u.tlog
f:\visualcproject\qtwidgetsapplicationprocess\qtwidgetsapplicationprocess\x64\debug\qtwidget.4f25d63a.tlog\rcc.read.1u.tlog
f:\visualcproject\qtwidgetsapplicationprocess\qtwidgetsapplicationprocess\x64\debug\qtwidget.4f25d63a.tlog\rcc.write.1u.tlog
f:\visualcproject\qtwidgetsapplicationprocess\qtwidgetsapplicationprocess\x64\debug\qtwidget.4f25d63a.tlog\uic.read.1u.tlog
f:\visualcproject\qtwidgetsapplicationprocess\qtwidgetsapplicationprocess\x64\debug\qtwidget.4f25d63a.tlog\uic.write.1u.tlog
